(0000) 3300  0011001100000000 (  18)                 .ORIG x3300
(3300) 3014  0011000000010100 (  20)                 ST    R0 STRING_ADDR
(3301) 3214  0011001000010100 (  21)                 ST    R1 SAVE_R1
(3302) 3414  0011010000010100 (  22)                 ST    R2 SAVE_R2
(3303) 1220  0001001000100000 (  23)                 ADD   R1 R0 #0
(3304) A013  1010000000010011 (  27) READ_ST         LDI   R0 KBSR
(3305) 07FE  0000011111111110 (  28)                 BRZP  READ_ST
(3306) A012  1010000000010010 (  29)                 LDI   R0 KBDR
(3307) 7040  0111000001000000 (  31)                 STR   R0 R1 #0
(3308) 1261  0001001001100001 (  32)                 ADD   R1 R1 #1
(3309) 1436  0001010000110110 (  34)                 ADD   R2 R0 #-10
(330A) 0A06  0000101000000110 (  35)                 BRNP  WRITE
(330B) 5020  0101000000100000 (  39) END_ME          AND   R0 R0 #0
(330C) 707F  0111000001111111 (  40)                 STR   R0 R1 #-1
(330D) 2007  0010000000000111 (  42)                 LD    R0 STRING_ADDR
(330E) 2207  0010001000000111 (  43)                 LD    R1 SAVE_R1
(330F) 2407  0010010000000111 (  44)                 LD    R2 SAVE_R2
(3310) C1C0  1100000111000000 (  45)                 RET   
(3311) A408  1010010000001000 (  49) WRITE           LDI   R2 DSR
(3312) 07FE  0000011111111110 (  50)                 BRZP  WRITE
(3313) B007  1011000000000111 (  51)                 STI   R0 DDR
(3314) 0FEF  0000111111101111 (  52)                 BRNZP READ_ST
(3315) 0000  0000000000000000 (  60) STRING_ADDR     .FILL x0000
(3316) 0000  0000000000000000 (  61) SAVE_R1         .FILL x0000
(3317) 0000  0000000000000000 (  62) SAVE_R2         .FILL x0000
(3318) FE00  1111111000000000 (  66) KBSR            .FILL xFE00
(3319) FE02  1111111000000010 (  67) KBDR            .FILL xFE02
(331A) FE04  1111111000000100 (  68) DSR             .FILL xFE04
(331B) FE06  1111111000000110 (  69) DDR             .FILL xFE06
